----------------Environment Versions----------------
- Python: 3.7.3 
- PyTorch: 1.1.0
- TorchVison: 0.3.0
- device: True
----------------------------------------------------
Parallel mode was going ...
Model loading was finished ...
Data loading was finished ...
cur_epoch :  40| 1|30, loss : 0.7114
cur_epoch :  80| 1|30, loss : 0.6884
              precision    recall  f1-score   support

           0     0.5672    0.1336    0.2163      4895
           1     0.5993    0.9271    0.7280      6843

    accuracy                         0.5962     11738
   macro avg     0.5833    0.5303    0.4721     11738
weighted avg     0.5859    0.5962    0.5146     11738

[[ 654 4241]
 [ 499 6344]]
Single epoch cost time : 3.53 mins
              precision    recall  f1-score   support

           0     0.8596    0.5762    0.6899      2114
           1     0.7520    0.9318    0.8323      2916

    accuracy                         0.7823      5030
   macro avg     0.8058    0.7540    0.7611      5030
weighted avg     0.7972    0.7823    0.7724      5030

[[1218  896]
 [ 199 2717]]
eval_loss : 0.4703
cur_epoch :  40| 2|30, loss : 0.4550
cur_epoch :  80| 2|30, loss : 0.3890
              precision    recall  f1-score   support

           0     0.8486    0.7420    0.7917      4895
           1     0.8307    0.9053    0.8664      6843

    accuracy                         0.8372     11738
   macro avg     0.8396    0.8236    0.8290     11738
weighted avg     0.8381    0.8372    0.8352     11738

[[3632 1263]
 [ 648 6195]]
Single epoch cost time : 3.47 mins
              precision    recall  f1-score   support

           0     0.9023    0.8259    0.8624      2114
           1     0.8811    0.9352    0.9073      2916

    accuracy                         0.8893      5030
   macro avg     0.8917    0.8806    0.8849      5030
weighted avg     0.8900    0.8893    0.8885      5030

[[1746  368]
 [ 189 2727]]
eval_loss : 0.2822
cur_epoch :  40| 3|30, loss : 0.2769
cur_epoch :  80| 3|30, loss : 0.2738
              precision    recall  f1-score   support

           0     0.8939    0.8400    0.8661      4895
           1     0.8903    0.9287    0.9091      6843

    accuracy                         0.8917     11738
   macro avg     0.8921    0.8844    0.8876     11738
weighted avg     0.8918    0.8917    0.8912     11738

[[4112  783]
 [ 488 6355]]
Single epoch cost time : 3.47 mins
              precision    recall  f1-score   support

           0     0.8995    0.8430    0.8703      2114
           1     0.8911    0.9318    0.9110      2916

    accuracy                         0.8944      5030
   macro avg     0.8953    0.8874    0.8907      5030
weighted avg     0.8947    0.8944    0.8939      5030

[[1782  332]
 [ 199 2717]]
eval_loss : 0.2581
cur_epoch :  40| 4|30, loss : 0.2518
cur_epoch :  80| 4|30, loss : 0.2476
              precision    recall  f1-score   support

           0     0.8993    0.8613    0.8799      4895
           1     0.9037    0.9310    0.9172      6843

    accuracy                         0.9019     11738
   macro avg     0.9015    0.8962    0.8985     11738
weighted avg     0.9019    0.9019    0.9016     11738

[[4216  679]
 [ 472 6371]]
Single epoch cost time : 3.50 mins
              precision    recall  f1-score   support

           0     0.9014    0.8652    0.8829      2114
           1     0.9050    0.9314    0.9180      2916

    accuracy                         0.9036      5030
   macro avg     0.9032    0.8983    0.9005      5030
weighted avg     0.9035    0.9036    0.9033      5030

[[1829  285]
 [ 200 2716]]
eval_loss : 0.2477
cur_epoch :  40| 5|30, loss : 0.2349
cur_epoch :  80| 5|30, loss : 0.2297
              precision    recall  f1-score   support

           0     0.9073    0.8695    0.8880      4895
           1     0.9093    0.9364    0.9227      6843

    accuracy                         0.9085     11738
   macro avg     0.9083    0.9029    0.9053     11738
weighted avg     0.9085    0.9085    0.9082     11738

[[4256  639]
 [ 435 6408]]
Single epoch cost time : 3.48 mins
              precision    recall  f1-score   support

           0     0.8337    0.9295    0.8790      2114
           1     0.9443    0.8656    0.9032      2916

    accuracy                         0.8924      5030
   macro avg     0.8890    0.8975    0.8911      5030
weighted avg     0.8978    0.8924    0.8930      5030

[[1965  149]
 [ 392 2524]]
eval_loss : 0.2565
cur_epoch :  40| 6|30, loss : 0.2028
cur_epoch :  80| 6|30, loss : 0.2080
              precision    recall  f1-score   support

           0     0.9152    0.8836    0.8991      4895
           1     0.9187    0.9414    0.9299      6843

    accuracy                         0.9173     11738
   macro avg     0.9169    0.9125    0.9145     11738
weighted avg     0.9172    0.9173    0.9171     11738

[[4325  570]
 [ 401 6442]]
Single epoch cost time : 3.49 mins
              precision    recall  f1-score   support

           0     0.9384    0.8430    0.8881      2114
           1     0.8940    0.9599    0.9257      2916

    accuracy                         0.9107      5030
   macro avg     0.9162    0.9014    0.9069      5030
weighted avg     0.9126    0.9107    0.9099      5030

[[1782  332]
 [ 117 2799]]
eval_loss : 0.2303
cur_epoch :  40| 7|30, loss : 0.1977
cur_epoch :  80| 7|30, loss : 0.1972
              precision    recall  f1-score   support

           0     0.9178    0.8938    0.9056      4895
           1     0.9254    0.9427    0.9340      6843

    accuracy                         0.9223     11738
   macro avg     0.9216    0.9182    0.9198     11738
weighted avg     0.9222    0.9223    0.9221     11738

[[4375  520]
 [ 392 6451]]
Single epoch cost time : 3.48 mins
              precision    recall  f1-score   support

           0     0.9047    0.8846    0.8945      2114
           1     0.9177    0.9324    0.9250      2916

    accuracy                         0.9123      5030
   macro avg     0.9112    0.9085    0.9098      5030
weighted avg     0.9122    0.9123    0.9122      5030

[[1870  244]
 [ 197 2719]]
eval_loss : 0.2221
cur_epoch :  40| 8|30, loss : 0.1725
cur_epoch :  80| 8|30, loss : 0.1859
              precision    recall  f1-score   support

           0     0.9204    0.9003    0.9103      4895
           1     0.9298    0.9443    0.9370      6843

    accuracy                         0.9260     11738
   macro avg     0.9251    0.9223    0.9236     11738
weighted avg     0.9259    0.9260    0.9258     11738

[[4407  488]
 [ 381 6462]]
Single epoch cost time : 3.48 mins
              precision    recall  f1-score   support

           0     0.9003    0.8926    0.8964      2114
           1     0.9226    0.9283    0.9255      2916

    accuracy                         0.9133      5030
   macro avg     0.9115    0.9105    0.9110      5030
weighted avg     0.9132    0.9133    0.9133      5030

[[1887  227]
 [ 209 2707]]
eval_loss : 0.2273
cur_epoch :  40| 9|30, loss : 0.1732
cur_epoch :  80| 9|30, loss : 0.1782
              precision    recall  f1-score   support

           0     0.9252    0.9019    0.9134      4895
           1     0.9311    0.9478    0.9394      6843

    accuracy                         0.9287     11738
   macro avg     0.9281    0.9249    0.9264     11738
weighted avg     0.9286    0.9287    0.9286     11738

[[4415  480]
 [ 357 6486]]
Single epoch cost time : 3.49 mins
              precision    recall  f1-score   support

           0     0.8799    0.9149    0.8970      2114
           1     0.9364    0.9095    0.9228      2916

    accuracy                         0.9117      5030
   macro avg     0.9082    0.9122    0.9099      5030
weighted avg     0.9127    0.9117    0.9119      5030

[[1934  180]
 [ 264 2652]]
eval_loss : 0.2407
cur_epoch :  40|10|30, loss : 0.1633
cur_epoch :  80|10|30, loss : 0.1718
              precision    recall  f1-score   support

           0     0.9261    0.9115    0.9188      4895
           1     0.9374    0.9480    0.9427      6843

    accuracy                         0.9328     11738
   macro avg     0.9318    0.9298    0.9307     11738
weighted avg     0.9327    0.9328    0.9327     11738

[[4462  433]
 [ 356 6487]]
Single epoch cost time : 3.52 mins
              precision    recall  f1-score   support

           0     0.9340    0.8434    0.8864      2114
           1     0.8939    0.9568    0.9243      2916

    accuracy                         0.9091      5030
   macro avg     0.9140    0.9001    0.9054      5030
weighted avg     0.9108    0.9091    0.9084      5030

[[1783  331]
 [ 126 2790]]
eval_loss : 0.2462
cur_epoch :  40|11|30, loss : 0.1679
cur_epoch :  80|11|30, loss : 0.1621
              precision    recall  f1-score   support

           0     0.9298    0.9117    0.9207      4895
           1     0.9377    0.9508    0.9442      6843

    accuracy                         0.9345     11738
   macro avg     0.9338    0.9312    0.9324     11738
weighted avg     0.9344    0.9345    0.9344     11738

[[4463  432]
 [ 337 6506]]
Single epoch cost time : 3.51 mins
              precision    recall  f1-score   support

           0     0.9256    0.8657    0.8946      2114
           1     0.9070    0.9496    0.9278      2916

    accuracy                         0.9143      5030
   macro avg     0.9163    0.9076    0.9112      5030
weighted avg     0.9148    0.9143    0.9139      5030

[[1830  284]
 [ 147 2769]]
eval_loss : 0.2327
cur_epoch :  40|12|30, loss : 0.1450
cur_epoch :  80|12|30, loss : 0.1550
              precision    recall  f1-score   support

           0     0.9377    0.9166    0.9271      4895
           1     0.9413    0.9565    0.9488      6843

    accuracy                         0.9399     11738
   macro avg     0.9395    0.9366    0.9379     11738
weighted avg     0.9398    0.9399    0.9398     11738

[[4487  408]
 [ 298 6545]]
Single epoch cost time : 3.50 mins
              precision    recall  f1-score   support

           0     0.8628    0.9219    0.8914      2114
           1     0.9405    0.8937    0.9165      2916

    accuracy                         0.9056      5030
   macro avg     0.9016    0.9078    0.9039      5030
weighted avg     0.9078    0.9056    0.9059      5030

[[1949  165]
 [ 310 2606]]
eval_loss : 0.2685
cur_epoch :  40|13|30, loss : 0.1580
cur_epoch :  80|13|30, loss : 0.1586
              precision    recall  f1-score   support

           0     0.9350    0.9199    0.9274      4895
           1     0.9434    0.9543    0.9488      6843

    accuracy                         0.9399     11738
   macro avg     0.9392    0.9371    0.9381     11738
weighted avg     0.9399    0.9399    0.9399     11738

[[4503  392]
 [ 313 6530]]
Single epoch cost time : 3.50 mins
              precision    recall  f1-score   support

           0     0.9163    0.8751    0.8952      2114
           1     0.9123    0.9420    0.9269      2916

    accuracy                         0.9139      5030
   macro avg     0.9143    0.9086    0.9111      5030
weighted avg     0.9140    0.9139    0.9136      5030

[[1850  264]
 [ 169 2747]]
eval_loss : 0.2615
cur_epoch :  40|14|30, loss : 0.1383
cur_epoch :  80|14|30, loss : 0.1438
              precision    recall  f1-score   support

           0     0.9389    0.9295    0.9342      4895
           1     0.9499    0.9567    0.9533      6843

    accuracy                         0.9454     11738
   macro avg     0.9444    0.9431    0.9438     11738
weighted avg     0.9453    0.9454    0.9454     11738

[[4550  345]
 [ 296 6547]]
Single epoch cost time : 3.51 mins
              precision    recall  f1-score   support

           0     0.8568    0.9172    0.8860      2114
           1     0.9368    0.8889    0.9122      2916

    accuracy                         0.9008      5030
   macro avg     0.8968    0.9031    0.8991      5030
weighted avg     0.9032    0.9008    0.9012      5030

[[1939  175]
 [ 324 2592]]
eval_loss : 0.2761
cur_epoch :  40|15|30, loss : 0.1327
cur_epoch :  80|15|30, loss : 0.1457
              precision    recall  f1-score   support

           0     0.9353    0.9336    0.9345      4895
           1     0.9526    0.9538    0.9532      6843

    accuracy                         0.9454     11738
   macro avg     0.9439    0.9437    0.9438     11738
weighted avg     0.9454    0.9454    0.9454     11738

[[4570  325]
 [ 316 6527]]
Single epoch cost time : 3.50 mins
              precision    recall  f1-score   support

           0     0.8772    0.9120    0.8942      2114
           1     0.9343    0.9074    0.9207      2916

    accuracy                         0.9093      5030
   macro avg     0.9057    0.9097    0.9075      5030
weighted avg     0.9103    0.9093    0.9096      5030

[[1928  186]
 [ 270 2646]]
eval_loss : 0.2513
cur_epoch :  40|16|30, loss : 0.1138
cur_epoch :  80|16|30, loss : 0.1212
              precision    recall  f1-score   support

           0     0.9454    0.9375    0.9414      4895
           1     0.9555    0.9613    0.9584      6843

    accuracy                         0.9514     11738
   macro avg     0.9505    0.9494    0.9499     11738
weighted avg     0.9513    0.9514    0.9513     11738

[[4589  306]
 [ 265 6578]]
Single epoch cost time : 3.53 mins
              precision    recall  f1-score   support

           0     0.8815    0.9111    0.8960      2114
           1     0.9339    0.9112    0.9224      2916

    accuracy                         0.9111      5030
   macro avg     0.9077    0.9111    0.9092      5030
weighted avg     0.9119    0.9111    0.9113      5030

[[1926  188]
 [ 259 2657]]
eval_loss : 0.2552
cur_epoch :  40|17|30, loss : 0.1126
cur_epoch :  80|17|30, loss : 0.1217
              precision    recall  f1-score   support

           0     0.9433    0.9442    0.9437      4895
           1     0.9601    0.9594    0.9597      6843

    accuracy                         0.9531     11738
   macro avg     0.9517    0.9518    0.9517     11738
weighted avg     0.9531    0.9531    0.9531     11738

[[4622  273]
 [ 278 6565]]
Single epoch cost time : 3.52 mins
              precision    recall  f1-score   support

           0     0.8909    0.8808    0.8858      2114
           1     0.9143    0.9218    0.9180      2916

    accuracy                         0.9046      5030
   macro avg     0.9026    0.9013    0.9019      5030
weighted avg     0.9045    0.9046    0.9045      5030

[[1862  252]
 [ 228 2688]]
eval_loss : 0.2528


conclusion: sota as 7th epoch, eval_loss : 0.2221
              precision    recall  f1-score   support

           0     0.9047    0.8846    0.8945      2114
           1     0.9177    0.9324    0.9250      2916

    accuracy                         0.9123      5030
   macro avg     0.9112    0.9085    0.9098      5030
weighted avg     0.9122    0.9123    0.9122      5030

[[1870  244]
 [ 197 2719]]