----------------Environment Versions----------------
- Python: 3.7.3 
- PyTorch: 1.1.0
- TorchVison: 0.3.0
- device: True
----------------------------------------------------
Parallel mode was going ...
Model loading was finished ...
Data loading was finished ...
epoch :  1|20, iter :   39|  92,  loss : 0.6738
epoch :  1|20, iter :   79|  92,  loss : 0.6240
After epoch  1, train_loss : 0.6079, precision : 0.66, recall : 0.85
              precision    recall  f1-score   support

           0     0.7931    0.6400    0.7084      2114
           1     0.7711    0.8789    0.8215      2916

    accuracy                         0.7785      5030
   macro avg     0.7821    0.7595    0.7649      5030
weighted avg     0.7803    0.7785    0.7739      5030

[[1353  761]
 [ 353 2563]]
eval_loss : 0.4826
Single epoch cost time : 5.02 mins
----------------new sota was found----------------
epoch :  2|20, iter :   39|  92,  loss : 0.4161
epoch :  2|20, iter :   79|  92,  loss : 0.3923
After epoch  2, train_loss : 0.3906, precision : 0.82, recall : 0.89
              precision    recall  f1-score   support

           0     0.7711    0.8652    0.8154      2114
           1     0.8928    0.8138    0.8515      2916

    accuracy                         0.8354      5030
   macro avg     0.8319    0.8395    0.8334      5030
weighted avg     0.8416    0.8354    0.8363      5030

[[1829  285]
 [ 543 2373]]
eval_loss : 0.3785
Single epoch cost time : 4.94 mins
----------------new sota was found----------------
epoch :  3|20, iter :   39|  92,  loss : 0.2807
epoch :  3|20, iter :   79|  92,  loss : 0.2854
After epoch  3, train_loss : 0.2851, precision : 0.88, recall : 0.92
              precision    recall  f1-score   support

           0     0.8702    0.8278    0.8485      2114
           1     0.8794    0.9105    0.8947      2916

    accuracy                         0.8757      5030
   macro avg     0.8748    0.8692    0.8716      5030
weighted avg     0.8756    0.8757    0.8753      5030

[[1750  364]
 [ 261 2655]]
eval_loss : 0.3005
Single epoch cost time : 4.91 mins
----------------new sota was found----------------
epoch :  4|20, iter :   39|  92,  loss : 0.2027
epoch :  4|20, iter :   79|  92,  loss : 0.2254
After epoch  4, train_loss : 0.2290, precision : 0.90, recall : 0.93
              precision    recall  f1-score   support

           0     0.9200    0.7777    0.8429      2114
           1     0.8551    0.9510    0.9005      2916

    accuracy                         0.8781      5030
   macro avg     0.8875    0.8643    0.8717      5030
weighted avg     0.8824    0.8781    0.8763      5030

[[1644  470]
 [ 143 2773]]
eval_loss : 0.2958
Single epoch cost time : 4.58 mins
----------------new sota was found----------------
epoch :  5|20, iter :   39|  92,  loss : 0.1752
epoch :  5|20, iter :   79|  92,  loss : 0.1982
After epoch  5, train_loss : 0.2043, precision : 0.92, recall : 0.94
              precision    recall  f1-score   support

           0     0.8790    0.8387    0.8584      2114
           1     0.8868    0.9163    0.9013      2916

    accuracy                         0.8837      5030
   macro avg     0.8829    0.8775    0.8799      5030
weighted avg     0.8835    0.8837    0.8833      5030

[[1773  341]
 [ 244 2672]]
eval_loss : 0.2756
Single epoch cost time : 33.05 mins
----------------new sota was found----------------
epoch :  6|20, iter :   39|  92,  loss : 0.1570
epoch :  6|20, iter :   79|  92,  loss : 0.1601
After epoch  6, train_loss : 0.1637, precision : 0.94, recall : 0.95
              precision    recall  f1-score   support

           0     0.8940    0.8335    0.8627      2114
           1     0.8849    0.9283    0.9061      2916

    accuracy                         0.8885      5030
   macro avg     0.8894    0.8809    0.8844      5030
weighted avg     0.8887    0.8885    0.8879      5030

[[1762  352]
 [ 209 2707]]
eval_loss : 0.2766
Single epoch cost time : 4.41 mins
epoch :  7|20, iter :   39|  92,  loss : 0.1456
epoch :  7|20, iter :   79|  92,  loss : 0.1539
After epoch  7, train_loss : 0.1593, precision : 0.94, recall : 0.95
              precision    recall  f1-score   support

           0     0.8774    0.8562    0.8667      2114
           1     0.8975    0.9132    0.9053      2916

    accuracy                         0.8893      5030
   macro avg     0.8875    0.8847    0.8860      5030
weighted avg     0.8891    0.8893    0.8891      5030

[[1810  304]
 [ 253 2663]]
eval_loss : 0.2741
Single epoch cost time : 4.39 mins
----------------new sota was found----------------
epoch :  8|20, iter :   39|  92,  loss : 0.1152
epoch :  8|20, iter :   79|  92,  loss : 0.1319
After epoch  8, train_loss : 0.1337, precision : 0.96, recall : 0.95
              precision    recall  f1-score   support

           0     0.8281    0.9021    0.8635      2114
           1     0.9241    0.8642    0.8931      2916

    accuracy                         0.8801      5030
   macro avg     0.8761    0.8831    0.8783      5030
weighted avg     0.8837    0.8801    0.8807      5030

[[1907  207]
 [ 396 2520]]
eval_loss : 0.3011
Single epoch cost time : 4.82 mins
epoch :  9|20, iter :   39|  92,  loss : 0.1106
epoch :  9|20, iter :   79|  92,  loss : 0.1185
After epoch  9, train_loss : 0.1183, precision : 0.96, recall : 0.97
              precision    recall  f1-score   support

           0     0.8348    0.8817    0.8576      2114
           1     0.9106    0.8735    0.8917      2916

    accuracy                         0.8769      5030
   macro avg     0.8727    0.8776    0.8746      5030
weighted avg     0.8787    0.8769    0.8773      5030

[[1864  250]
 [ 369 2547]]
eval_loss : 0.3069
Single epoch cost time : 4.07 mins
epoch : 10|20, iter :   39|  92,  loss : 0.0715
epoch : 10|20, iter :   79|  92,  loss : 0.0937
After epoch 10, train_loss : 0.1006, precision : 0.97, recall : 0.97
              precision    recall  f1-score   support

           0     0.8988    0.8401    0.8685      2114
           1     0.8893    0.9314    0.9099      2916

    accuracy                         0.8930      5030
   macro avg     0.8941    0.8858    0.8892      5030
weighted avg     0.8933    0.8930    0.8925      5030

[[1776  338]
 [ 200 2716]]
eval_loss : 0.3023
Single epoch cost time : 4.58 mins
epoch : 11|20, iter :   39|  92,  loss : 0.0890
epoch : 11|20, iter :   79|  92,  loss : 0.0993
After epoch 11, train_loss : 0.1032, precision : 0.97, recall : 0.97
              precision    recall  f1-score   support

           0     0.8339    0.8903    0.8611      2114
           1     0.9163    0.8714    0.8933      2916

    accuracy                         0.8793      5030
   macro avg     0.8751    0.8808    0.8772      5030
weighted avg     0.8817    0.8793    0.8798      5030

[[1882  232]
 [ 375 2541]]
eval_loss : 0.3049
Single epoch cost time : 4.41 mins
epoch : 12|20, iter :   39|  92,  loss : 0.0841
epoch : 12|20, iter :   79|  92,  loss : 0.0899
After epoch 12, train_loss : 0.0907, precision : 0.97, recall : 0.97
              precision    recall  f1-score   support

           0     0.8839    0.8430    0.8630      2114
           1     0.8898    0.9198    0.9046      2916

    accuracy                         0.8875      5030
   macro avg     0.8869    0.8814    0.8838      5030
weighted avg     0.8874    0.8875    0.8871      5030

[[1782  332]
 [ 234 2682]]
eval_loss : 0.2978
Single epoch cost time : 4.39 mins
epoch : 13|20, iter :   39|  92,  loss : 0.0802
epoch : 13|20, iter :   79|  92,  loss : 0.0918
After epoch 13, train_loss : 0.0902, precision : 0.97, recall : 0.98
              precision    recall  f1-score   support

           0     0.8241    0.8997    0.8602      2114
           1     0.9221    0.8608    0.8904      2916

    accuracy                         0.8771      5030
   macro avg     0.8731    0.8802    0.8753      5030
weighted avg     0.8809    0.8771    0.8777      5030

[[1902  212]
 [ 406 2510]]
eval_loss : 0.3400
Single epoch cost time : 4.38 mins
epoch : 14|20, iter :   39|  92,  loss : 0.0543
