----------------Environment Versions----------------
- Python: 3.7.3 
- PyTorch: 1.1.0
- TorchVison: 0.3.0
- device: True
----------------------------------------------------
Parallel mode was going ...
Model loading was finished ...
Data loading was finished ...
epoch :  1|20, iter :  40| 92,  loss : 0.5413
epoch :  1|20, iter :  80| 92,  loss : 0.4365
train_loss : 0.4130, precision : 0.83, recall : 0.87
              precision    recall  f1-score   support

           0     0.9272    0.8136    0.8667      2114
           1     0.8759    0.9537    0.9132      2916

    accuracy                         0.8948      5030
   macro avg     0.9016    0.8837    0.8899      5030
weighted avg     0.8975    0.8948    0.8936      5030

[[1720  394]
 [ 135 2781]]
eval_loss : 0.2687
Single epoch cost time : 4.27 mins
----------------new sota was found----------------
epoch :  2|20, iter :  40| 92,  loss : 0.2519
epoch :  2|20, iter :  80| 92,  loss : 0.2486
train_loss : 0.2501, precision : 0.90, recall : 0.93
              precision    recall  f1-score   support

           0     0.9202    0.8623    0.8904      2114
           1     0.9046    0.9458    0.9247      2916

    accuracy                         0.9107      5030
   macro avg     0.9124    0.9041    0.9075      5030
weighted avg     0.9112    0.9107    0.9103      5030

[[1823  291]
 [ 158 2758]]
eval_loss : 0.2335
Single epoch cost time : 4.15 mins
----------------new sota was found----------------
epoch :  3|20, iter :  40| 92,  loss : 0.2060
epoch :  3|20, iter :  80| 92,  loss : 0.2123
train_loss : 0.2133, precision : 0.92, recall : 0.94
              precision    recall  f1-score   support

           0     0.9412    0.8103    0.8709      2114
           1     0.8751    0.9633    0.9171      2916

    accuracy                         0.8990      5030
   macro avg     0.9081    0.8868    0.8940      5030
weighted avg     0.9029    0.8990    0.8977      5030

[[1713  401]
 [ 107 2809]]
eval_loss : 0.2476
Single epoch cost time : 4.14 mins
epoch :  4|20, iter :  40| 92,  loss : 0.2029
epoch :  4|20, iter :  80| 92,  loss : 0.2048
train_loss : 0.2046, precision : 0.93, recall : 0.94
              precision    recall  f1-score   support

           0     0.9179    0.8784    0.8978      2114
           1     0.9145    0.9431    0.9286      2916

    accuracy                         0.9159      5030
   macro avg     0.9162    0.9108    0.9132      5030
weighted avg     0.9160    0.9159    0.9156      5030

[[1857  257]
 [ 166 2750]]
eval_loss : 0.2183
Single epoch cost time : 4.15 mins
----------------new sota was found----------------
epoch :  5|20, iter :  40| 92,  loss : 0.1690
epoch :  5|20, iter :  80| 92,  loss : 0.1857
train_loss : 0.1904, precision : 0.93, recall : 0.94
              precision    recall  f1-score   support

           0     0.9211    0.8557    0.8872      2114
           1     0.9005    0.9468    0.9231      2916

    accuracy                         0.9085      5030
   macro avg     0.9108    0.9013    0.9052      5030
weighted avg     0.9092    0.9085    0.9080      5030

[[1809  305]
 [ 155 2761]]
eval_loss : 0.2264
Single epoch cost time : 4.12 mins
epoch :  6|20, iter :  40| 92,  loss : 0.1731
epoch :  6|20, iter :  80| 92,  loss : 0.1753
train_loss : 0.1757, precision : 0.94, recall : 0.95
              precision    recall  f1-score   support

           0     0.8702    0.9295    0.8989      2114
           1     0.9462    0.8995    0.9223      2916

    accuracy                         0.9121      5030
   macro avg     0.9082    0.9145    0.9106      5030
weighted avg     0.9143    0.9121    0.9125      5030

[[1965  149]
 [ 293 2623]]
eval_loss : 0.2318
Single epoch cost time : 4.14 mins
epoch :  7|20, iter :  40| 92,  loss : 0.1517
epoch :  7|20, iter :  80| 92,  loss : 0.1628
train_loss : 0.1627, precision : 0.94, recall : 0.95
              precision    recall  f1-score   support

           0     0.7724    0.9650    0.8580      2114
           1     0.9690    0.7939    0.8728      2916

    accuracy                         0.8658      5030
   macro avg     0.8707    0.8794    0.8654      5030
weighted avg     0.8864    0.8658    0.8666      5030

[[2040   74]
 [ 601 2315]]
eval_loss : 0.2824
Single epoch cost time : 4.15 mins
epoch :  8|20, iter :  40| 92,  loss : 0.1369
epoch :  8|20, iter :  80| 92,  loss : 0.1519
train_loss : 0.1538, precision : 0.95, recall : 0.95
              precision    recall  f1-score   support

           0     0.9191    0.8978    0.9084      2114
           1     0.9272    0.9427    0.9349      2916

    accuracy                         0.9239      5030
   macro avg     0.9231    0.9203    0.9216      5030
weighted avg     0.9238    0.9239    0.9237      5030

[[1898  216]
 [ 167 2749]]
eval_loss : 0.2132
Single epoch cost time : 4.20 mins
----------------new sota was found----------------
epoch :  9|20, iter :  40| 92,  loss : 0.1367
